<?xml version="1.0" encoding="UTF-8"?>
<coverage generated="1765696629775" clover="3.2.0">
  <project timestamp="1765696629776" name="All files">
    <metrics statements="23" coveredstatements="23" conditionals="7" coveredconditionals="5" methods="9" coveredmethods="9" elements="39" coveredelements="37" complexity="0" loc="23" ncloc="23" packages="3" files="5" classes="5"/>
    <package name="src">
      <metrics statements="8" coveredstatements="8" conditionals="2" coveredconditionals="1" methods="2" coveredmethods="2"/>
      <file name="FirstStepsApp.tsx" path="E:\react-course-fernando-herrera-2025\src\FirstStepsApp.tsx">
        <metrics statements="1" coveredstatements="1" conditionals="0" coveredconditionals="0" methods="1" coveredmethods="1"/>
        <line num="8" count="1" type="stmt"/>
      </file>
      <file name="MyAwesomeApp.tsx" path="E:\react-course-fernando-herrera-2025\src\MyAwesomeApp.tsx">
        <metrics statements="7" coveredstatements="7" conditionals="2" coveredconditionals="1" methods="1" coveredmethods="1"/>
        <line num="3" count="1" type="stmt"/>
        <line num="4" count="1" type="stmt"/>
        <line num="6" count="1" type="stmt"/>
        <line num="7" count="1" type="stmt"/>
        <line num="9" count="1" type="stmt"/>
        <line num="14" count="1" type="stmt"/>
        <line num="21" count="1" type="stmt"/>
      </file>
    </package>
    <package name="src.helpers">
      <metrics statements="8" coveredstatements="8" conditionals="0" coveredconditionals="0" methods="4" coveredmethods="4"/>
      <file name="math.helper.ts" path="E:\react-course-fernando-herrera-2025\src\helpers\math.helper.ts">
        <metrics statements="8" coveredstatements="8" conditionals="0" coveredconditionals="0" methods="4" coveredmethods="4"/>
        <line num="1" count="1" type="stmt"/>
        <line num="2" count="2" type="stmt"/>
        <line num="4" count="1" type="stmt"/>
        <line num="5" count="2" type="stmt"/>
        <line num="7" count="1" type="stmt"/>
        <line num="8" count="1" type="stmt"/>
        <line num="10" count="1" type="stmt"/>
        <line num="11" count="1" type="stmt"/>
      </file>
    </package>
    <package name="src.shopping-cart">
      <metrics statements="7" coveredstatements="7" conditionals="5" coveredconditionals="4" methods="3" coveredmethods="3"/>
      <file name="ItemCounter.module.css" path="E:\react-course-fernando-herrera-2025\src\shopping-cart\ItemCounter.module.css">
        <metrics statements="0" coveredstatements="0" conditionals="0" coveredconditionals="0" methods="0" coveredmethods="0"/>
      </file>
      <file name="ItemCounter.tsx" path="E:\react-course-fernando-herrera-2025\src\shopping-cart\ItemCounter.tsx">
        <metrics statements="7" coveredstatements="7" conditionals="5" coveredconditionals="4" methods="3" coveredmethods="3"/>
        <line num="11" count="1" type="cond" truecount="1" falsecount="0"/>
        <line num="12" count="9" type="stmt"/>
        <line num="14" count="9" type="stmt"/>
        <line num="15" count="1" type="stmt"/>
        <line num="18" count="9" type="stmt"/>
        <line num="19" count="1" type="cond" truecount="1" falsecount="1"/>
        <line num="21" count="1" type="stmt"/>
      </file>
    </package>
  </project>
</coverage>
